**********************
* MERGE PROGRESS LOG *
**********************
[2025-07-29 10:45:00] [INFO]: Starting merge for Project: D:\Development\SCADA_DEMO\SCADA\IM\HMI\I\0\Context.wrk
[2025-07-29 10:45:00] [INFO]: Setting up Full Project Merge...
[2025-07-29 10:45:00] [WARNING]: Open optional file failed: D:\Development\SCADA_DEMO\SCADA\IM\HMI\I\0\Context.wrk\system\runtime.rdf
[2025-07-29 10:45:00] [WARNING]: Open optional file failed: D:\Development\SCADA_DEMO\SCADA\IM\HMI\I\0\Context.wrk\system\persistent.rdf
[2025-07-29 10:45:00] [WARNING]: Open optional file failed: D:\Development\SCADA_DEMO\SCADA\IM\HMI\I\0\Context.wrk\deltas\40\runtime.rdf
[2025-07-29 10:45:00] [WARNING]: Open optional file failed: D:\Development\SCADA_DEMO\SCADA\IM\HMI\I\0\Context.wrk\deltas\40\persistent.rdf
[2025-07-29 10:45:00] [INFO]: Number of Jobs to execute: 66
[2025-07-29 10:45:00] [INFO]: Starting Job number 1: MERGE JOB
[2025-07-29 10:45:00] [INFO]: The job was executed succesfully.
[2025-07-29 10:45:00] [INFO]: Starting Job number 2: MERGE JOB
[2025-07-29 10:45:00] [INFO]: The job was executed succesfully.
[2025-07-29 10:45:00] [INFO]: Starting Job number 3: MERGE JOB
[2025-07-29 10:45:00] [INFO]: The job was executed succesfully.
[2025-07-29 10:45:00] [INFO]: Starting Job number 4: MERGE JOB
[2025-07-29 10:45:00] [INFO]: The job was executed succesfully.
[2025-07-29 10:45:00] [INFO]: Starting Job number 5: MERGE JOB
[2025-07-29 10:45:00] [INFO]: The job was executed succesfully.
[2025-07-29 10:45:00] [INFO]: Starting Job number 6: MERGE JOB
[2025-07-29 10:45:00] [INFO]: The job was executed succesfully.
[2025-07-29 10:45:00] [INFO]: Starting Job number 7: MERGE JOB
[2025-07-29 10:45:00] [INFO]: The job was executed succesfully.
[2025-07-29 10:45:00] [INFO]: Starting Job number 8: JOIN JOB
[2025-07-29 10:45:00] [INFO]: The job was executed succesfully.
[2025-07-29 10:45:00] [INFO]: Starting Job number 9: FINALIZE JOB
[2025-07-29 10:45:00] [INFO]: The job was executed succesfully.
[2025-07-29 10:45:00] [INFO]: Starting Job number 10: DELETE JOB
[2025-07-29 10:45:00] [INFO]: The job was executed succesfully.
[2025-07-29 10:45:00] [INFO]: Starting Job number 11: DELETE JOB
[2025-07-29 10:45:00] [INFO]: The job was executed succesfully.
[2025-07-29 10:45:00] [INFO]: Starting Job number 12: DELETE JOB
[2025-07-29 10:45:00] [INFO]: The job was executed succesfully.
[2025-07-29 10:45:00] [INFO]: Starting Job number 13: DELETE JOB
[2025-07-29 10:45:00] [INFO]: The job was executed succesfully.
[2025-07-29 10:45:00] [INFO]: Starting Job number 14: DELETE JOB
[2025-07-29 10:45:00] [INFO]: The job was executed succesfully.
[2025-07-29 10:45:00] [INFO]: Starting Job number 15: DELETE JOB
[2025-07-29 10:45:00] [INFO]: The job was executed succesfully.
[2025-07-29 10:45:00] [INFO]: Starting Job number 16: DELETE JOB
[2025-07-29 10:45:00] [INFO]: The job was executed succesfully.
[2025-07-29 10:45:00] [INFO]: Starting Job number 17: MERGE JOB
[2025-07-29 10:45:00] [INFO]: The job was executed succesfully.
[2025-07-29 10:45:00] [INFO]: Starting Job number 18: MERGE JOB
[2025-07-29 10:45:00] [INFO]: The job was executed succesfully.
[2025-07-29 10:45:00] [INFO]: Starting Job number 19: MERGE JOB
[2025-07-29 10:45:00] [INFO]: The job was executed succesfully.
[2025-07-29 10:45:00] [INFO]: Starting Job number 20: JOIN JOB
[2025-07-29 10:45:00] [INFO]: The job was executed succesfully.
[2025-07-29 10:45:00] [INFO]: Starting Job number 21: MERGE JOB
[2025-07-29 10:45:00] [INFO]: The job was executed succesfully.
[2025-07-29 10:45:00] [INFO]: Starting Job number 22: JOIN JOB
[2025-07-29 10:45:00] [INFO]: The job was executed succesfully.
[2025-07-29 10:45:00] [INFO]: Starting Job number 23: MERGE JOB
[2025-07-29 10:45:00] [INFO]: The job was executed succesfully.
[2025-07-29 10:45:00] [INFO]: Starting Job number 24: MERGE JOB
[2025-07-29 10:45:00] [INFO]: The job was executed succesfully.
[2025-07-29 10:45:00] [INFO]: Starting Job number 25: JOIN JOB
[2025-07-29 10:45:00] [INFO]: The job was executed succesfully.
[2025-07-29 10:45:00] [INFO]: Starting Job number 26: MERGE JOB
[2025-07-29 10:45:01] [INFO]: The job was executed succesfully.
[2025-07-29 10:45:01] [INFO]: Starting Job number 27: JOIN JOB
[2025-07-29 10:45:01] [INFO]: The job was executed succesfully.
[2025-07-29 10:45:01] [INFO]: Starting Job number 28: MERGE JOB
[2025-07-29 10:45:01] [INFO]: The job was executed succesfully.
[2025-07-29 10:45:01] [INFO]: Starting Job number 29: MERGE JOB
[2025-07-29 10:45:01] [INFO]: The job was executed succesfully.
[2025-07-29 10:45:01] [INFO]: Starting Job number 30: JOIN JOB
[2025-07-29 10:45:01] [INFO]: The job was executed succesfully.
[2025-07-29 10:45:01] [INFO]: Starting Job number 31: MERGE JOB
[2025-07-29 10:45:01] [INFO]: The job was executed succesfully.
[2025-07-29 10:45:01] [INFO]: Starting Job number 32: MERGE JOB
[2025-07-29 10:45:01] [INFO]: The job was executed succesfully.
[2025-07-29 10:45:01] [INFO]: Starting Job number 33: JOIN JOB
[2025-07-29 10:45:01] [INFO]: The job was executed succesfully.
[2025-07-29 10:45:01] [INFO]: Starting Job number 34: MERGE JOB
[2025-07-29 10:45:01] [INFO]: The job was executed succesfully.
[2025-07-29 10:45:01] [INFO]: Starting Job number 35: JOIN JOB
[2025-07-29 10:45:01] [INFO]: The job was executed succesfully.
[2025-07-29 10:45:01] [INFO]: Starting Job number 36: MERGE JOB
[2025-07-29 10:45:01] [INFO]: The job was executed succesfully.
[2025-07-29 10:45:01] [INFO]: Starting Job number 37: MERGE JOB
[2025-07-29 10:45:01] [INFO]: The job was executed succesfully.
[2025-07-29 10:45:01] [INFO]: Starting Job number 38: JOIN JOB
[2025-07-29 10:45:01] [INFO]: The job was executed succesfully.
[2025-07-29 10:45:01] [INFO]: Starting Job number 39: MERGE ADD JOB
[2025-07-29 10:45:01] [INFO]: The job was executed succesfully.
[2025-07-29 10:45:01] [INFO]: Starting Job number 40: MERGE JOB
[2025-07-29 10:45:01] [INFO]: The job was executed succesfully.
[2025-07-29 10:45:01] [INFO]: Starting Job number 41: JOIN JOB
[2025-07-29 10:45:01] [INFO]: The job was executed succesfully.
[2025-07-29 10:45:01] [INFO]: Starting Job number 42: FINALIZE JOB
[2025-07-29 10:45:01] [INFO]: The job was executed succesfully.
[2025-07-29 10:45:01] [INFO]: Starting Job number 43: DELETE JOB
[2025-07-29 10:45:01] [INFO]: The job was executed succesfully.
[2025-07-29 10:45:01] [INFO]: Starting Job number 44: DELETE JOB
[2025-07-29 10:45:01] [INFO]: The job was executed succesfully.
[2025-07-29 10:45:01] [INFO]: Starting Job number 45: FINALIZE JOB
[2025-07-29 10:45:01] [INFO]: The job was executed succesfully.
[2025-07-29 10:45:01] [INFO]: Starting Job number 46: DELETE JOB
[2025-07-29 10:45:01] [INFO]: The job was executed succesfully.
[2025-07-29 10:45:01] [INFO]: Starting Job number 47: DELETE JOB
[2025-07-29 10:45:01] [INFO]: The job was executed succesfully.
[2025-07-29 10:45:01] [INFO]: Starting Job number 48: FINALIZE JOB
[2025-07-29 10:45:01] [INFO]: The job was executed succesfully.
[2025-07-29 10:45:01] [INFO]: Starting Job number 49: DELETE JOB
[2025-07-29 10:45:01] [INFO]: The job was executed succesfully.
[2025-07-29 10:45:01] [INFO]: Starting Job number 50: DELETE JOB
[2025-07-29 10:45:01] [INFO]: The job was executed succesfully.
[2025-07-29 10:45:01] [INFO]: Starting Job number 51: FINALIZE JOB
[2025-07-29 10:45:01] [INFO]: The job was executed succesfully.
[2025-07-29 10:45:01] [INFO]: Starting Job number 52: DELETE JOB
[2025-07-29 10:45:01] [INFO]: The job was executed succesfully.
[2025-07-29 10:45:01] [INFO]: Starting Job number 53: DELETE JOB
[2025-07-29 10:45:01] [INFO]: The job was executed succesfully.
[2025-07-29 10:45:01] [INFO]: Starting Job number 54: FINALIZE JOB
[2025-07-29 10:45:01] [INFO]: The job was executed succesfully.
[2025-07-29 10:45:01] [INFO]: Starting Job number 55: DELETE JOB
[2025-07-29 10:45:01] [INFO]: The job was executed succesfully.
[2025-07-29 10:45:01] [INFO]: Starting Job number 56: FINALIZE JOB
[2025-07-29 10:45:01] [INFO]: The job was executed succesfully.
[2025-07-29 10:45:01] [INFO]: Starting Job number 57: DELETE JOB
[2025-07-29 10:45:01] [INFO]: The job was executed succesfully.
[2025-07-29 10:45:01] [INFO]: Starting Job number 58: DELETE JOB
[2025-07-29 10:45:01] [INFO]: The job was executed succesfully.
[2025-07-29 10:45:01] [INFO]: Starting Job number 59: FINALIZE JOB
[2025-07-29 10:45:01] [INFO]: The job was executed succesfully.
[2025-07-29 10:45:01] [INFO]: Starting Job number 60: DELETE JOB
[2025-07-29 10:45:01] [INFO]: The job was executed succesfully.
[2025-07-29 10:45:01] [INFO]: Starting Job number 61: FINALIZE JOB
[2025-07-29 10:45:01] [INFO]: The job was executed succesfully.
[2025-07-29 10:45:01] [INFO]: Starting Job number 62: DELETE JOB
[2025-07-29 10:45:01] [INFO]: The job was executed succesfully.
[2025-07-29 10:45:01] [INFO]: Starting Job number 63: DELETE JOB
[2025-07-29 10:45:01] [INFO]: The job was executed succesfully.
[2025-07-29 10:45:01] [INFO]: Starting Job number 64: DELETE JOB
[2025-07-29 10:45:01] [INFO]: The job was executed succesfully.
[2025-07-29 10:45:01] [INFO]: Starting Job number 65: FINALIZE JOB
[2025-07-29 10:45:01] [INFO]: The job was executed succesfully.
[2025-07-29 10:45:01] [INFO]: Starting Job number 66: DELETE JOB
[2025-07-29 10:45:01] [INFO]: The job was executed succesfully.
[2025-07-29 10:45:01] [INFO]: DONE! Merge succeeded
