**********************
* MERGE PROGRESS LOG *
**********************
[2025-07-29 10:45:01] [INFO]: starting DeltaProject merge for: D:\Development\SCADA_DEMO\SCADA\IM\HMI\I\0\Context.wrk\deltas\40
[2025-07-29 10:45:01] [WARNING]: Open optional file failed: D:\Development\SCADA_DEMO\SCADA\IM\HMI\I\0\Context.wrk\deltas\39\runtime.rdf
[2025-07-29 10:45:01] [WARNING]: Open optional file failed: D:\Development\SCADA_DEMO\SCADA\IM\HMI\I\0\Context.wrk\deltas\39\persistent.rdf
[2025-07-29 10:45:01] [WARNING]: Open optional file failed: D:\Development\SCADA_DEMO\SCADA\IM\HMI\I\0\Context.wrk\deltas\40\runtime.rdf
[2025-07-29 10:45:01] [WARNING]: Open optional file failed: D:\Development\SCADA_DEMO\SCADA\IM\HMI\I\0\Context.wrk\deltas\40\persistent.rdf
[2025-07-29 10:45:01] [INFO]: Starting Job number 1: COPY RESOURCE JOB
[2025-07-29 10:45:01] [INFO]: The job was executed succesfully.
[2025-07-29 10:45:01] [INFO]: Starting Job number 2: COPY RESOURCE JOB
[2025-07-29 10:45:01] [INFO]: The job was executed succesfully.
[2025-07-29 10:45:01] [INFO]: Starting Job number 3: MERGE DELTA JOB
[2025-07-29 10:45:01] [INFO]: The job was executed succesfully.
[2025-07-29 10:45:01] [INFO]: Starting Job number 4: MERGE DELTA JOB
[2025-07-29 10:45:01] [INFO]: The job was executed succesfully.
[2025-07-29 10:45:01] [INFO]: Starting Job number 5: JOIN JOB
[2025-07-29 10:45:01] [INFO]: The job was executed succesfully.
[2025-07-29 10:45:01] [INFO]: Starting Job number 6: DELETE JOB
[2025-07-29 10:45:01] [INFO]: The job was executed succesfully.
[2025-07-29 10:45:01] [INFO]: Starting Job number 7: DELETE JOB
[2025-07-29 10:45:01] [INFO]: The job was executed succesfully.
[2025-07-29 10:45:01] [INFO]: Starting Job number 8: MERGE DELTA JOB
[2025-07-29 10:45:01] [INFO]: The job was executed succesfully.
[2025-07-29 10:45:01] [INFO]: Starting Job number 9: MERGE DELTA JOB
[2025-07-29 10:45:01] [INFO]: The job was executed succesfully.
[2025-07-29 10:45:01] [INFO]: Starting Job number 10: JOIN JOB
[2025-07-29 10:45:01] [INFO]: The job was executed succesfully.
[2025-07-29 10:45:01] [INFO]: Starting Job number 11: DELETE JOB
[2025-07-29 10:45:01] [INFO]: The job was executed succesfully.
[2025-07-29 10:45:01] [INFO]: Starting Job number 12: DELETE JOB
[2025-07-29 10:45:01] [INFO]: The job was executed succesfully.
[2025-07-29 10:45:01] [INFO]: Starting Job number 13: MERGE DELTA JOB
[2025-07-29 10:45:01] [INFO]: The job was executed succesfully.
[2025-07-29 10:45:01] [INFO]: Starting Job number 14: JOIN JOB
[2025-07-29 10:45:01] [INFO]: The job was executed succesfully.
[2025-07-29 10:45:01] [INFO]: Starting Job number 15: DELETE JOB
[2025-07-29 10:45:01] [INFO]: The job was executed succesfully.
[2025-07-29 10:45:01] [INFO]: Starting Job number 16: MERGE DELTA JOB
[2025-07-29 10:45:01] [INFO]: The job was executed succesfully.
[2025-07-29 10:45:01] [INFO]: Starting Job number 17: JOIN JOB
[2025-07-29 10:45:01] [INFO]: The job was executed succesfully.
[2025-07-29 10:45:01] [INFO]: Starting Job number 18: DELETE JOB
[2025-07-29 10:45:01] [INFO]: The job was executed succesfully.
[2025-07-29 10:45:01] [INFO]: Starting Job number 19: MERGE DELTA JOB
[2025-07-29 10:45:01] [INFO]: The job was executed succesfully.
[2025-07-29 10:45:01] [INFO]: Starting Job number 20: JOIN JOB
[2025-07-29 10:45:01] [INFO]: The job was executed succesfully.
[2025-07-29 10:45:01] [INFO]: Starting Job number 21: DELETE JOB
[2025-07-29 10:45:01] [INFO]: The job was executed succesfully.
[2025-07-29 10:45:01] [INFO]: Starting Job number 22: MERGE DELTA JOB
[2025-07-29 10:45:01] [INFO]: The job was executed succesfully.
[2025-07-29 10:45:01] [INFO]: Starting Job number 23: JOIN JOB
[2025-07-29 10:45:01] [INFO]: The job was executed succesfully.
[2025-07-29 10:45:01] [INFO]: Starting Job number 24: DELETE JOB
[2025-07-29 10:45:01] [INFO]: The job was executed succesfully.
[2025-07-29 10:45:01] [INFO]: Starting Job number 25: MERGE DELTA JOB
[2025-07-29 10:45:01] [INFO]: The job was executed succesfully.
[2025-07-29 10:45:01] [INFO]: Starting Job number 26: JOIN JOB
[2025-07-29 10:45:01] [INFO]: The job was executed succesfully.
[2025-07-29 10:45:01] [INFO]: Starting Job number 27: DELETE JOB
[2025-07-29 10:45:01] [INFO]: The job was executed succesfully.
[2025-07-29 10:45:01] [INFO]: Starting Job number 28: MERGE DELTA JOB
[2025-07-29 10:45:01] [INFO]: The job was executed succesfully.
[2025-07-29 10:45:01] [INFO]: Starting Job number 29: JOIN JOB
[2025-07-29 10:45:01] [INFO]: The job was executed succesfully.
[2025-07-29 10:45:01] [INFO]: Starting Job number 30: DELETE JOB
[2025-07-29 10:45:01] [INFO]: The job was executed succesfully.
[2025-07-29 10:45:01] [INFO]: Starting Job number 31: MERGE ADD JOB
[2025-07-29 10:45:01] [INFO]: The job was executed succesfully.
[2025-07-29 10:45:01] [INFO]: Starting Job number 32: MERGE ADD JOB
[2025-07-29 10:45:01] [INFO]: The job was executed succesfully.
[2025-07-29 10:45:01] [INFO]: Starting Job number 33: MERGE ADD JOB
[2025-07-29 10:45:01] [INFO]: The job was executed succesfully.
[2025-07-29 10:45:01] [INFO]: Starting Job number 34: MERGE ADD JOB
[2025-07-29 10:45:01] [INFO]: The job was executed succesfully.
[2025-07-29 10:45:01] [INFO]: Starting Job number 35: MERGE ADD JOB
[2025-07-29 10:45:01] [INFO]: The job was executed succesfully.
[2025-07-29 10:45:01] [INFO]: Starting Job number 36: MERGE ADD JOB
[2025-07-29 10:45:01] [INFO]: The job was executed succesfully.
[2025-07-29 10:45:01] [INFO]: Starting Job number 37: MERGE DELTA JOB
[2025-07-29 10:45:01] [INFO]: The job was executed succesfully.
[2025-07-29 10:45:01] [INFO]: Starting Job number 38: MERGE DELTA JOB
[2025-07-29 10:45:01] [INFO]: The job was executed succesfully.
[2025-07-29 10:45:01] [INFO]: Starting Job number 39: MERGE DELTA JOB
[2025-07-29 10:45:01] [INFO]: The job was executed succesfully.
[2025-07-29 10:45:01] [INFO]: Starting Job number 40: MERGE DELTA JOB
[2025-07-29 10:45:01] [INFO]: The job was executed succesfully.
[2025-07-29 10:45:01] [INFO]: Starting Job number 41: JOIN JOB
[2025-07-29 10:45:01] [INFO]: The job was executed succesfully.
[2025-07-29 10:45:01] [INFO]: Starting Job number 42: DELETE JOB
[2025-07-29 10:45:01] [INFO]: The job was executed succesfully.
[2025-07-29 10:45:01] [INFO]: Starting Job number 43: DELETE JOB
[2025-07-29 10:45:01] [INFO]: The job was executed succesfully.
[2025-07-29 10:45:01] [INFO]: Starting Job number 44: DELETE JOB
[2025-07-29 10:45:01] [INFO]: The job was executed succesfully.
[2025-07-29 10:45:01] [INFO]: Starting Job number 45: DELETE JOB
[2025-07-29 10:45:01] [INFO]: The job was executed succesfully.
[2025-07-29 10:45:01] [INFO]: Starting Job number 46: DELETE JOB
[2025-07-29 10:45:01] [INFO]: The job was executed succesfully.
[2025-07-29 10:45:01] [INFO]: DONE! Rdf delta project merge succeed!
[2025-07-29 10:45:01] [WARNING]: Attempt number: 1. Removing the directory D:\Development\SCADA_DEMO\SCADA\IM\HMI\I\0\Context.wrk\deltas\40\config failed! Reason: File permission denied
[2025-07-29 10:45:01] [WARNING]: Attempt number: 2. Removing the directory D:\Development\SCADA_DEMO\SCADA\IM\HMI\I\0\Context.wrk\deltas\40\config failed! Reason: File permission denied
[2025-07-29 10:45:01] [ERROR]: Attempt number: 3. Removing the directory D:\Development\SCADA_DEMO\SCADA\IM\HMI\I\0\Context.wrk\deltas\40\config failed 3 times. Reason: File permission denied Giving up retrying...
[2025-07-29 10:45:01] [WARNING]: Attempt number: 1. Removing the directory D:\Development\SCADA_DEMO\SCADA\IM\HMI\I\0\Context.wrk\deltas\40\screens failed! Reason: File permission denied
[2025-07-29 10:45:01] [WARNING]: Attempt number: 2. Removing the directory D:\Development\SCADA_DEMO\SCADA\IM\HMI\I\0\Context.wrk\deltas\40\screens failed! Reason: File permission denied
[2025-07-29 10:45:01] [ERROR]: Attempt number: 3. Removing the directory D:\Development\SCADA_DEMO\SCADA\IM\HMI\I\0\Context.wrk\deltas\40\screens failed 3 times. Reason: File permission denied Giving up retrying...
